C51 COMPILER V9.54   BATTERY                                                               06/04/2015 16:49:48 PAGE 1   


C51 COMPILER V9.54, COMPILATION OF MODULE BATTERY
OBJECT MODULE PLACED IN .\Battery.obj
COMPILER INVOKED BY: D:\Program Files (x86)\Keil_v5\C51\BIN\C51.EXE ..\Library\Battery.c COMPACT ROM(COMPACT) OPTIMIZE(8
                    -,SPEED) BROWSE INCDIR(..\Library) DEBUG OBJECTEXTEND PRINT(.\Battery.lst) TABS(3) OBJECT(.\Battery.obj)

line level    source

   1          /*---------------------------------------------------
   2             Battery.c (v1.00)
   3             
   4             电池电量判断
   5          ---------------------------------------------------*/ 
   6          
   7          #include "main.h"
   8          #include "port.h"
   9          
  10          #include "Battery.h"
  11          #include "voice.h"
  12          #include "Delay.h"
  13          #include "AD.h"
  14          
  15          extern tWord ADC_check_result;      
  16          tByte Check2_stage = 0;
  17          
  18          /*----------------------------------------------------
  19             CheckADC() - 48V 电平
  20             Check P20's voltage.
  21          -----------------------------------------------------*/
  22          void CheckADC(void)
  23             {
  24   1         // detect the battery voltage
  25   1         ADC_check_result = GetADCResult(6);
  26   1         }
  27                                                                
  28          
  29          /*----------------------------------------------------
  30             verifybattery()
  31             voice alarm for battery status with power module
  32          -----------------------------------------------------*/
  33          void verifybattery(tWord Check2)
  34             {  
  35   1      
  36   1         //------------Withbattery_60V10A------------------------
  37   1         #ifdef Withbattery_60V10A
                 // battery is sufficient, battery > 63.5V, 3.95V/4.1V
                 if((Check2 >= 0x3da))
                    {
                    voice_EN = 1;
                    SC_Speech(18);    
                    Delay(60);
                    voice_EN = 0;
                    }
                 // 35km, 62V < battery < 63.5V, 3.86V/4.1V
                 else if((Check2 < 0x3da)&&(Check2 >= 0x3c4))    
                    {
                    voice_EN = 1;
                    SC_Speech(9);  
                    Delay(100);
                    voice_EN = 0;
                    }
                 // 20km, 60V < battery < 62V, 3.74V/4.1V
C51 COMPILER V9.54   BATTERY                                                               06/04/2015 16:49:48 PAGE 2   

                 else if((Check2 < 0x3c4)&&(Check2 >= 0x3a6))    
                    {
                    voice_EN = 1;
                    SC_Speech(8);  
                    Delay(100);
                    voice_EN = 0;
                    }
                 // 15km, 59.3V < battery < 60V, 3.7V/4.1V 
                 else if((Check2 < 0x3a6)&&(Check2 >= 0x39c))    
                    {
                    voice_EN = 1;
                    SC_Speech(7);     
                    Delay(100);
                    voice_EN = 0;
                    }
                 // 10km, 58.3V < battery <59.3V, 3.64V/4.1V
                 else if((Check2 < 0x39c)&&(Check2 >= 0x38d))    
                    {
                    voice_EN = 1;
                    SC_Speech(6);     
                    Delay(100);
                    voice_EN = 0;
                    }
                 // 5km, 57.6V < battery < 58.3V, 3.6V/4.1V
                 else if((Check2 < 0x38d)&&(Check2 >= 0x383))    
                    {
                    voice_EN =1;
                    SC_Speech(5);     
                    Delay(100);
                    voice_EN = 0;
                    }                     
                 // battery is low, battery < 57.6V, 
                 else if(Check2 < 0x383)
                    {
                    motorBAT_low_speech();
                    }
                 #endif
  92   1      
  93   1      
  94   1      
  95   1         //------------Withoutbattery_48V10A------------------------ 
  96   1         #ifdef Withoutbattery_48V10A
                 // battery is sufficient, battery > 50.5V, 3.72V/4.93V
                 if((Check2 >= 0x304))
                    {
                    voice_EN = 1;
                    SC_Speech(18);    
                    Delay(60);
                    voice_EN = 0;
                    }
                 // 20km, 49.5V < battery < 50.5V, 3.68V/4.93V
                 else if((Check2 < 0x304)&&(Check2 >= 0x2fc))    
                    {
                    voice_EN = 1;
                    SC_Speech(8);  
                    Delay(100);
                    voice_EN = 0;
                    }
                 // 15km, 48.8V < battery < 49.5V, 3.65V/4.93V 
                 else if((Check2 < 0x2fc)&&(Check2 >= 0x2f6))    
                    {
                    voice_EN = 1;
C51 COMPILER V9.54   BATTERY                                                               06/04/2015 16:49:48 PAGE 3   

                    SC_Speech(7);     
                    Delay(100);
                    voice_EN = 0;
                    }
                 // 10km, 48V < battery <48.8V, 3.61V/4.9V
                 else if((Check2 < 0x2f6)&&(Check2 >= 0x2ed))    
                    {
                    voice_EN = 1;
                    SC_Speech(6);     
                    Delay(100);
                    voice_EN = 0;
                    }
                 // 5km, 46.8V < battery < 48V, 3.55V/4.9V
                 else if((Check2 < 0x2ed)&&(Check2 >= 0x2c1))    
                    {
                    voice_EN =1;
                    SC_Speech(5);     
                    Delay(100);
                    voice_EN = 0;
                    }                     
                 // battery is low, battery < 46.8V, 
                 else if(Check2 < 0x2c1)
                    {
                    motorBAT_low_speech();
                    }
                 #endif   
 143   1      
 144   1      
 145   1         //------------Withbattery_48V20A------------------------ 
 146   1         #ifdef Withbattery_48V20A
 147   1         // battery is sufficient, battery > 50.5V, 3.14V/4.04V
 148   1         if((Check2 >= 0x31b))
 149   1            {
 150   2            voice_EN = 1;
 151   2            SC_Speech(18);    
 152   2            Delay(60);
 153   2            voice_EN = 0;
 154   2            }
 155   1         // 20km, 49.5V < battery < 50.5V, 3.08V/4.04V
 156   1         else if((Check2 < 0x31b)&&(Check2 >= 0x30c))    
 157   1            {
 158   2            voice_EN = 1;
 159   2            SC_Speech(8);  
 160   2            Delay(100);
 161   2            voice_EN = 0;
 162   2            }
 163   1         // 15km, 48.8V < battery < 49.5V, 3.03V/4.04V 
 164   1         else if((Check2 < 0x30c)&&(Check2 >= 0x300))    
 165   1            {
 166   2            voice_EN = 1;
 167   2            SC_Speech(7);     
 168   2            Delay(100);
 169   2            voice_EN = 0;
 170   2            }
 171   1         // 10km, 48V < battery <48.8V, 2.99V/4.04V
 172   1         else if((Check2 < 0x300)&&(Check2 >= 0x2f5))    
 173   1            {
 174   2            voice_EN = 1;
 175   2            SC_Speech(6);     
 176   2            Delay(100);
 177   2            voice_EN = 0;
 178   2            }
C51 COMPILER V9.54   BATTERY                                                               06/04/2015 16:49:48 PAGE 4   

 179   1         // 5km, 46.8V < battery < 48V, 2.91V/4.04V
 180   1         else if((Check2 < 0x2f5)&&(Check2 >= 0x2e1))    
 181   1            {
 182   2            voice_EN =1;
 183   2            SC_Speech(5);     
 184   2            Delay(100);
 185   2            voice_EN = 0;
 186   2            }                     
 187   1         // battery is low, battery < 46.8V, 
 188   1         else if(Check2 < 0x2e1)
 189   1            {
 190   2            motorBAT_low_speech();
 191   2            }
 192   1         #endif   
 193   1         }
 194          /*---------------------------------------------------
 195             end of file
 196          ----------------------------------------------------*/


MODULE INFORMATION:   STATIC OVERLAYABLE
   CODE SIZE        =    193    ----
   CONSTANT SIZE    =   ----    ----
   XDATA SIZE       =   ----    ----
   PDATA SIZE       =      1       2
   DATA SIZE        =   ----    ----
   IDATA SIZE       =   ----    ----
   BIT SIZE         =   ----    ----
END OF MODULE INFORMATION.


C51 COMPILATION COMPLETE.  0 WARNING(S),  0 ERROR(S)
