C51 COMPILER V9.54   UART                                                                  06/04/2015 16:49:48 PAGE 1   


C51 COMPILER V9.54, COMPILATION OF MODULE UART
OBJECT MODULE PLACED IN .\UART.obj
COMPILER INVOKED BY: D:\Program Files (x86)\Keil_v5\C51\BIN\C51.EXE ..\Library\UART.c COMPACT ROM(COMPACT) OPTIMIZE(8,SP
                    -EED) BROWSE INCDIR(..\Library) DEBUG OBJECTEXTEND PRINT(.\UART.lst) TABS(3) OBJECT(.\UART.obj)

line level    source

   1          /*-----------------------------------------------------------------*
   2          
   3             Copyright(c) 2014 Techeart Technology Corp. All rights reserved.
   4              Date: 11/Nov/2014
   5              E-Mail: DruculaC@gmail.com
   6          
   7          *-----------------------------------------------------------------*/
   8          
   9          #include "main.h"
  10          #include "port.h"
  11          
  12          #include "uart.h"
  13          #include "Timer.h"
  14          
  15          /*--------------------------------------------------------------
  16             Initialize UART port.
  17          --------------------------------------------------------------*/
  18          void InitUART9600()
  19             {
  20   1         AUXR1 &= 0xbf;       // Choose P1.0 P1.1 as UART port. 
  21   1         SCON = 0x5a;         // Choose Mode 2.
  22   1         TMOD = 0x20;         // Timer 1 is Mode 2, auto-reload.
  23   1         TH1 = TL1 = -(OSC_FREQ/12/32/BAUD9600);
  24   1         TR1 = 1;             // Start Timer 1.
  25   1      
  26   1         InitT0(1);
  27   1         TI = 0;
  28   1         RI = 0;
  29   1         ES = 1;
  30   1         ET0 = 1;
  31   1         PS = 1;
  32   1         EA = 1;
  33   1         }
  34          
  35          void InitUART600()
  36             {
  37   1         AUXR1 &= 0xbf;       // Choose P1.0 P1.1 as UART port. 
  38   1         SCON = 0x5a;         // Choose Mode 2.
  39   1         TMOD = 0x20;         // Timer 1 is Mode 2, auto-reload.
  40   1         TH1 = TL1 = -(OSC_FREQ/12/32/BAUD600);
  41   1         TR1 = 1;             // Start Timer 1.
  42   1      
  43   1         InitT0(1);
  44   1         TI = 0;
  45   1         RI = 0;
  46   1         ES = 1;
  47   1         ET0 = 1;
  48   1         PS = 1;
  49   1         EA = 1;
  50   1         }
  51          
  52          /*-----------------------------------------------------------
  53             Send a Byte.
  54          -----------------------------------------------------------*/
C51 COMPILER V9.54   UART                                                                  06/04/2015 16:49:48 PAGE 2   

  55          
  56          void SendData(tByte dat)
  57             {
  58   1         SBUF = dat;
  59   1         while(!TI);
  60   1         TI = 0;  
  61   1         }
  62          
  63          /*-----------------------------------------------------------
  64             Send multiple bytes. 
  65          -----------------------------------------------------------*/
  66          void SendNByte(tByte *buf, tByte len)
  67             {
  68   1         while(len--)
  69   1            {
  70   2            SendData(*buf++);
  71   2            }
  72   1         }
  73          
  74          /*---------------------------------------------------
  75             end of file
  76          ----------------------------------------------------*/


MODULE INFORMATION:   STATIC OVERLAYABLE
   CODE SIZE        =    121    ----
   CONSTANT SIZE    =   ----    ----
   XDATA SIZE       =   ----    ----
   PDATA SIZE       =   ----       3
   DATA SIZE        =   ----    ----
   IDATA SIZE       =   ----    ----
   BIT SIZE         =   ----    ----
END OF MODULE INFORMATION.


C51 COMPILATION COMPLETE.  0 WARNING(S),  0 ERROR(S)
