C51 COMPILER V9.51   OTHER                                                                 03/16/2015 15:12:36 PAGE 1   


C51 COMPILER V9.51, COMPILATION OF MODULE OTHER
OBJECT MODULE PLACED IN .\Other.obj
COMPILER INVOKED BY: D:\Program Files (x86)\keil\C51\BIN\C51.EXE ..\Library\Other.c COMPACT BROWSE INCDIR(..\Library) DE
                    -BUG OBJECTEXTEND PRINT(.\Other.lst) TABS(3) OBJECT(.\Other.obj)

line level    source

   1          /*---------------------------------------------------
   2             Other.c (v1.00)
   3             
   4             其他程序
   5          ---------------------------------------------------*/
   6          
   7          #include "main.h"
   8          #include "port.h"
   9          
  10          #include "Other.h"
  11          #include "Delay.h"
  12          #include "communication.h"
  13          
  14          /*------- Public variable declarations --------------------------*/
  15          extern bit position_sensor_EN;      
  16          extern bit fell_flag;                  
  17          extern bit raised_flag;             
  18          extern tByte sensor_trigger_count;  
  19          extern tByte sensor_1ststage_count; 
  20          extern tWord sensor_3rdstage_time;        
  21          extern tByte sensor_3rdstage_effcount;    
  22          extern tByte sensor_3rdstage_count;       
  23          extern tWord sensor_3rdstage_interval;    
  24          extern tWord sensor_2ndstage_time;     
  25          extern tByte sensor_2ndstage_count;    
  26          extern bit stolen_alarm_flag;             
  27          extern bit host_stolen_alarm1_EN;      
  28          extern bit host_stolen_alarm2_EN;     
  29          extern tByte host_stolen_alarm1_count;    
  30          extern tByte host_stolen_alarm2_count; 
  31          extern bit raised_fell_flag;              
  32          extern bit wire_broken_flag;        
  33          extern tByte wire_broken_count;     
  34          extern bit battery_stolen_EN;       
  35          extern tByte battery_stolen_count;  
  36          extern bit sensor_EN;
  37          extern tByte enable_sensor_delay_count;      
  38          extern bit enable_sensor_delayEN;
  39          
  40          /*-------------------------------------------------------
  41             magnet_CW()
  42             电磁铁正转，顺时针，将锁打开，
  43          --------------------------------------------------------*/
  44          void magnet_CW(tWord x, y, tByte z)
  45             {
  46   1         // 发送开锁密码
  47   1         send_code_to_lock(ComMode_1, z);
  48   1         
  49   1         MagentControl_1 = 1;
  50   1         MagentControl_2 = 0;
  51   1         Magnet_Delay(x, y);
  52   1         MagentControl_1 = 1;
  53   1         MagentControl_2 = 1;
  54   1         motor_lock = 0;
C51 COMPILER V9.51   OTHER                                                                 03/16/2015 15:12:36 PAGE 2   

  55   1         }
  56          
  57          /*-------------------------------------------------------
  58             magnet_CW_Taili()
  59             电磁铁正转，顺时针，将锁打开，
  60          --------------------------------------------------------*/
  61          void magnet_CW_Taili(tWord x, y, tByte z)
  62             {
  63   1         // 发送开锁密码
  64   1         send_code_to_lock_Taili(ComMode_1, z);
  65   1         
  66   1         MagentControl_1 = 1;
  67   1         MagentControl_2 = 0;
  68   1         Magnet_Delay(x, y);
  69   1         MagentControl_1 = 0;
  70   1         MagentControl_2 = 0;
  71   1         motor_lock = 0;
  72   1         }
  73          
  74          /*-------------------------------------------------------
  75             magnet_ACW()
  76             电磁铁反转，逆时针，将锁关闭
  77          --------------------------------------------------------*/
  78          void magnet_ACW(tWord x, y)
  79             {
  80   1         motor_lock = 1;
  81   1         MagentControl_1 = 0;
  82   1         MagentControl_2 = 1;
  83   1         Magnet_Delay(x, y);
  84   1         MagentControl_1 = 1;
  85   1         MagentControl_2 = 1;
  86   1         }
  87          
  88          /*-------------------------------------------------------
  89             magnet_ACW_Taili()
  90             电磁铁反转，逆时针，将锁关闭
  91          --------------------------------------------------------*/
  92          void magnet_ACW_Taili(tWord x, y)
  93             {
  94   1         motor_lock = 1;
  95   1         MagentControl_1 = 0;
  96   1         MagentControl_2 = 1;
  97   1         Magnet_Delay(x, y);
  98   1         MagentControl_1 = 0;
  99   1         MagentControl_2 = 0;
 100   1         }
 101             
 102          /*----------------------------------------------------
 103             disable_sensor()
 104             打开振动传感器和三轴传感器，并将其复位
 105          ----------------------------------------------------*/
 106          void disable_sensor(void)
 107             {
 108   1         // disable position sensor(vertical and horizontal) and vibration sensor
 109   1         position_sensor_EN = 0; 
 110   1         sensor_EN = 0;
 111   1         // reset all the flag in sensor
 112   1         fell_flag=0;  
 113   1         raised_flag=0;
 114   1         sensor_trigger_count = 0;
 115   1         sensor_1ststage_count = 0;
 116   1         sensor_2ndstage_count = 0;
C51 COMPILER V9.51   OTHER                                                                 03/16/2015 15:12:36 PAGE 3   

 117   1         sensor_2ndstage_time = 0;
 118   1         sensor_3rdstage_time = 0;
 119   1         sensor_3rdstage_interval = 0;
 120   1         sensor_3rdstage_count = 0;
 121   1         sensor_3rdstage_effcount = 0;
 122   1         stolen_alarm_flag = 0;
 123   1         host_stolen_alarm1_EN = 0;
 124   1         host_stolen_alarm1_count = 0;
 125   1         host_stolen_alarm2_EN = 0;
 126   1         host_stolen_alarm2_count = 0;
 127   1         
 128   1         raised_fell_flag = 0;
 129   1         
 130   1         // reset the wire broken count
 131   1         wire_broken_count = 0;
 132   1         wire_broken_flag = 0;
 133   1         
 134   1         enable_sensor_delayEN = 0;
 135   1         enable_sensor_delay_count = 0;
 136   1         // reset battery stolen
 137   1         battery_stolen_EN = 0;
 138   1         battery_stolen_count = 0;  
 139   1         }
 140             
 141          /*--------------------------------------------------------
 142             enable_sensor()
 143             打开传感器，使其检测振动
 144          ---------------------------------------------------------*/
 145          void enable_sensor(void)
 146             {
 147   1         // enable position sensor(vertical and horizontal) and vibration sensor
 148   1         position_sensor_EN = 1; 
 149   1         sensor_EN = 1;
 150   1         // reset relatively sensor count
 151   1         sensor_trigger_count = 0;
 152   1         sensor_1ststage_count = 0; 
 153   1         enable_sensor_delayEN = 0;
 154   1         enable_sensor_delay_count = 0;   
 155   1         }
 156          
 157          /*----------------------------------------------------------------
 158             Moto_Vibration()
 159             用于附机，马达振动
 160          -----------------------------------------------------------------*/
 161          void Moto_Vibration(void)
 162             {
 163   1         Moto_EN=0;           
 164   1         Delay_50ms();
 165   1         Moto_EN=1;
 166   1         }
 167             
 168          /*---------------------------------------------------
 169             end of file
 170          ----------------------------------------------------*/


MODULE INFORMATION:   STATIC OVERLAYABLE
   CODE SIZE        =    220    ----
   CONSTANT SIZE    =   ----    ----
   XDATA SIZE       =   ----    ----
   PDATA SIZE       =   ----       8
   DATA SIZE        =   ----    ----
C51 COMPILER V9.51   OTHER                                                                 03/16/2015 15:12:36 PAGE 4   

   IDATA SIZE       =   ----    ----
   BIT SIZE         =   ----    ----
END OF MODULE INFORMATION.


C51 COMPILATION COMPLETE.  0 WARNING(S),  0 ERROR(S)
