C51 COMPILER V9.54   OTHER                                                                 11/15/2016 11:49:21 PAGE 1   


C51 COMPILER V9.54, COMPILATION OF MODULE OTHER
OBJECT MODULE PLACED IN .\Other.obj
COMPILER INVOKED BY: D:\Program Files (x86)\Keil_v5\C51\BIN\C51.EXE ..\Library\Other.c COMPACT ROM(COMPACT) OPTIMIZE(8,S
                    -PEED) BROWSE INCDIR(..\Library) DEBUG OBJECTEXTEND PRINT(.\Other.lst) TABS(3) OBJECT(.\Other.obj)

line level    source

   1          /*---------------------------------------------------
   2             Other.c (v1.00)
   3             
   4             其他程序
   5          ---------------------------------------------------*/
   6          
   7          #include "main.h"
   8          #include "port.h"
   9          
  10          #include "Other.h"
  11          #include "Delay.h"
  12          #include "communication.h"
  13          
  14          /*------- Public variable declarations --------------------------*/
  15          extern bit position_sensor_EN;      
  16          extern bit fell_flag;                  
  17          extern bit raised_flag;             
  18          extern tByte sensor_trigger_count;  
  19          extern tByte sensor_1ststage_count; 
  20          extern tWord sensor_3rdstage_time;        
  21          extern tByte sensor_3rdstage_effcount;    
  22          extern tByte sensor_3rdstage_count;       
  23          extern tWord sensor_3rdstage_interval;    
  24          extern tWord sensor_2ndstage_time;     
  25          extern tByte sensor_2ndstage_count;    
  26          extern bit Host_stolen_alarming;             
  27          extern bit EN_host_stolen_alarming;      
  28          extern bit host_stolen_alarm2_EN;     
  29          extern tByte host_stolen_alarm1_count;    
  30          extern tByte host_stolen_alarm2_count; 
  31          extern bit raised_fell_flag;              
  32          extern bit wire_broken_flag;        
  33          extern tByte wire_broken_count;     
  34          extern bit battery_stolen_EN;       
  35          extern tByte battery_stolen_count;  
  36          extern bit sensor_EN;
  37          extern tByte enable_sensor_delay_count;      
  38          extern bit enable_sensor_delayEN;
  39          extern bit sensor_3rdalarm_flag;
  40          /*-------------------------------------------------------
  41             magnet_CW()
  42             电磁铁正转，顺时针，将锁打开，
  43          void magnet_CW(tWord x, y, tByte z)
  44             {
  45             // 发送开锁密码
  46             send_code_to_lock(ComMode_1, z);
  47             
  48             MagentControl_1 = 1;
  49             MagentControl_2 = 0;
  50             Magnet_Delay(x, y);
  51             MagentControl_1 = 1;
  52             MagentControl_2 = 1;
  53             Externalmotor = 0;
  54             }
C51 COMPILER V9.54   OTHER                                                                 11/15/2016 11:49:21 PAGE 2   

  55          --------------------------------------------------------*/
  56          
  57          /*-------------------------------------------------------
  58             magnet_CW_Taili()
  59             电磁铁正转，顺时针，将锁打开，
  60          void magnet_CW_Taili(tWord x, y, tByte z)
  61             {
  62             // 发送开锁密码
  63             send_code_to_lock_Taili(ComMode_1, z);
  64             
  65             MagentControl_1 = 1;
  66             MagentControl_2 = 0;
  67             Magnet_Delay(x, y);
  68             MagentControl_1 = 0;
  69             MagentControl_2 = 0;
  70             Externalmotor = 0;
  71             }
  72          --------------------------------------------------------*/
  73          
  74          /*-------------------------------------------------------
  75             magnet_ACW()
  76             电磁铁反转，逆时针，将锁关闭
  77          void magnet_ACW(tWord x, y)
  78             {
  79             Externalmotor = 1;
  80             MagentControl_1 = 0;
  81             MagentControl_2 = 1;
  82             Magnet_Delay(x, y);
  83             MagentControl_1 = 1;
  84             MagentControl_2 = 1;
  85             }
  86          --------------------------------------------------------*/
  87          
  88          /*-------------------------------------------------------
  89             magnet_ACW_Taili()
  90             电磁铁反转，逆时针，将锁关闭
  91          void magnet_ACW_Taili(tWord x, y)
  92             {
  93             Externalmotor = 1;
  94             MagentControl_1 = 0;
  95             MagentControl_2 = 1;
  96             Magnet_Delay(x, y);
  97             MagentControl_1 = 0;
  98             MagentControl_2 = 0;
  99             }
 100          --------------------------------------------------------*/
 101             
 102          /*----------------------------------------------------
 103             disable_sensor()
 104             打开振动传感器和三轴传感器，并将其复位
 105          ----------------------------------------------------*/
 106          void disable_sensor(void)
 107             {
 108   1         // disable position sensor(vertical and horizontal) and vibration sensor
 109   1         position_sensor_EN = 0; 
 110   1         sensor_EN = 0;
 111   1         // reset all the flag in sensor
 112   1         fell_flag=0;  
 113   1         raised_flag=0;
 114   1         sensor_trigger_count = 0;
 115   1         sensor_1ststage_count = 0;
 116   1         sensor_2ndstage_count = 0;
C51 COMPILER V9.54   OTHER                                                                 11/15/2016 11:49:21 PAGE 3   

 117   1         sensor_2ndstage_time = 0;
 118   1         sensor_3rdstage_time = 0;
 119   1         sensor_3rdstage_interval = 0;
 120   1         sensor_3rdstage_count = 0;
 121   1         sensor_3rdstage_effcount = 0;
 122   1         Host_stolen_alarming = 0;
 123   1         sensor_3rdalarm_flag = 0;
 124   1         EN_host_stolen_alarming = 0;
 125   1         host_stolen_alarm1_count = 0;
 126   1         host_stolen_alarm2_EN = 0;
 127   1         host_stolen_alarm2_count = 0;
 128   1         
 129   1         raised_fell_flag = 0;
 130   1         
 131   1         // reset the wire broken count
 132   1         wire_broken_count = 0;
 133   1         wire_broken_flag = 0;
 134   1         
 135   1         enable_sensor_delayEN = 0;
 136   1         enable_sensor_delay_count = 0;
 137   1         // reset battery stolen
 138   1         battery_stolen_EN = 0;
 139   1         battery_stolen_count = 0;  
 140   1         }
 141             
 142          /*--------------------------------------------------------
 143             Enable_sensor()
 144             打开传感器，使其检测振动
 145          ---------------------------------------------------------*/
 146          void Enable_sensor(void)
 147             {
 148   1         // enable position sensor(vertical and horizontal) and vibration sensor
 149   1         position_sensor_EN = 1; 
 150   1         sensor_EN = 1;
 151   1         
 152   1         // reset relatively sensor count
 153   1         sensor_trigger_count = 0;
 154   1         sensor_1ststage_count = 0; 
 155   1         }
 156          
 157          /*----------------------------------------------------------------
 158             Moto_Vibration()
 159             用于附机，马达振动
 160          void Moto_Vibration(void)
 161             {
 162             Moto_EN=0;           
 163             Delay_500ms();
 164             Moto_EN=1;
 165             }
 166          -----------------------------------------------------------------*/
 167             
 168          /*---------------------------------------------------
 169             end of file
 170          ----------------------------------------------------*/


MODULE INFORMATION:   STATIC OVERLAYABLE
   CODE SIZE        =     83    ----
   CONSTANT SIZE    =   ----    ----
   XDATA SIZE       =   ----    ----
   PDATA SIZE       =   ----    ----
   DATA SIZE        =   ----    ----
C51 COMPILER V9.54   OTHER                                                                 11/15/2016 11:49:21 PAGE 4   

   IDATA SIZE       =   ----    ----
   BIT SIZE         =   ----    ----
END OF MODULE INFORMATION.


C51 COMPILATION COMPLETE.  0 WARNING(S),  0 ERROR(S)
