C51 COMPILER V9.54   VOICE                                                                 09/11/2015 11:40:14 PAGE 1   


C51 COMPILER V9.54, COMPILATION OF MODULE VOICE
OBJECT MODULE PLACED IN .\voice.obj
COMPILER INVOKED BY: D:\Program Files (x86)\Keil_v5\C51\BIN\C51.EXE ..\Library\voice.c COMPACT ROM(COMPACT) OPTIMIZE(8,S
                    -PEED) BROWSE INCDIR(..\Library) DEBUG OBJECTEXTEND PRINT(.\voice.lst) TABS(3) OBJECT(.\voice.obj)

line level    source

   1          /*---------------------------------------------------
   2             voice.c (v1.00)
   3             通用语音文件
   4          ---------------------------------------------------*/
   5          
   6          #include "main.h"
   7          #include "port.h"
   8          
   9          #include "voice.h"
  10          #include "Delay.h"
  11          #include "communication.h"
  12          #include "Other.h"
  13          #include "battery.h"
  14          
  15          /*------ private variable --------------------------*/
  16          tByte key_rotate_on_speech_number = 1;    // 循环报两段开机语音
  17                                                      
  18          extern bit flashing_flag;
  19          extern tByte Open_action_flag;      
  20          extern bit slave_nearby_actioned_flag;
  21          extern bit ID_speeched_flag;
  22          extern tByte Check_Motobattery_count;
  23          extern bit Check_Motobattery_flag;
  24          extern bit EN_host_stolen_alarming;
  25          extern tWord load_battery_result;
  26          extern bit fell_flag;                  
  27          extern bit raised_flag;          
  28          extern tWord ADC_check_result;      
  29          extern bit battery_stolen_EN;       
  30          extern bit never_alarm_speech;
  31           
  32          /*--------------------------------------------------
  33             SC_Speech()
  34             按段数发送脉冲，即可报第几段语音。
  35          ---------------------------------------------------*/
  36          void SC_Speech(tByte cnt)
  37             {
  38   1         tByte ii;
  39   1         SC_RST = 0;
  40   1      // delay_ms(100);
  41   1         Delay_50ms();
  42   1         SC_RST = 1;
  43   1      // delay_ms(150);
  44   1         Delay_50ms();
  45   1         for(ii=0; ii < cnt; ii++)
  46   1            {
  47   2            SC_DATA = 1; 
  48   2            delay_us(20);
  49   2            SC_DATA = 0; 
  50   2            delay_us(20);
  51   2            }
  52   1         }
  53          
  54          /*-------------------------------------------------
C51 COMPILER V9.54   VOICE                                                                 09/11/2015 11:40:14 PAGE 2   

  55             InitVoice()
  56             Initialise Voice IC, shielding voice by accident on powerup.
  57          --------------------------------------------------*/
  58          void InitVoice()
  59             {
  60   1         P14=0;
  61   1         SC_DATA = 0;
  62   1         SC_RST = 0;
  63   1         delay_us(350); 
  64   1         SC_RST = 1;
  65   1         delay_us(350);
  66   1         P14 = 1; 
  67   1         voice_EN = 0;           // Close speaker.
  68   1         }
  69          
  70          /*----------------------------------------------------
  71             key_rotate_on_speech()
  72             钥匙旋转至ON后，语音提示
  73          -----------------------------------------------------*/
  74          void key_rotate_on_speech(void)
  75             {
  76   1         #ifdef Taili
                 voice_EN = 1;
                 SC_Speech(26);  
                 Delay(100);
                 voice_EN = 0;
                 #endif
  82   1         }
  83             
  84          /*-----------------------------------------------------
  85             key_rotate_off_speech()
  86             钥匙旋转到OFF后，语音提示
  87          void key_rotate_off_speech(void)
  88             {
  89             voice_EN = 1;
  90             SC_Speech(13);
  91             Delay(40);
  92             voice_EN = 0;
  93             }
  94          ------------------------------------------------------*/
  95          
  96          /*----------------------------------------------------
  97             motorBAT_low_speech()
  98             主机电瓶电量低于最小限定值，语音提示电量不足。
  99          -----------------------------------------------------*/
 100          void motorBAT_low_speech(void)
 101             {
 102   1         voice_EN = 1;
 103   1         SC_Speech(4);
 104   1         Delay(80);
 105   1         voice_EN = 0;
 106   1         }
 107          
 108          /*----------------------------------------------------
 109             Battery_hint()
 110             第一次碰主机，会有一句提示语音
 111          --------------------------------------------------------*/
 112          void Battery_hint(void)
 113             {
 114   1         voice_EN = 1;
 115   1         SC_Speech(24); 
 116   1         Delay(1);
C51 COMPILER V9.54   VOICE                                                                 09/11/2015 11:40:14 PAGE 3   

 117   1         voice_EN = 0;
 118   1         }
 119          
 120          /*----------------------------------------------------
 121             ID_speech()
 122             第一次碰主机，会有一句提示语音
 123          --------------------------------------------------------*/
 124          void ID_speech(void)
 125             {
 126   1         voice_EN = 1;
 127   1         SC_Speech(24); 
 128   1         Delay(30);
 129   1         voice_EN = 0;
 130   1         }
 131          
 132          /*----------------------------------------------------
 133             Self_learn_speech()
 134             第一次碰主机，会有一句提示语音
 135          --------------------------------------------------------*/
 136          void Self_learn_speech(void)
 137             {
 138   1         voice_EN = 1;
 139   1         SC_Speech(25); 
 140   1         Delay(30);
 141   1         voice_EN = 0;
 142   1         flashing_flag = 0;
 143   1         }
 144          
 145          /*----------------------------------------------------
 146             host_touch_speech()
 147             第一次碰主机，会有一句提示语音
 148          --------------------------------------------------------*/
 149          void host_touch_speech(void)
 150             {
 151   1         voice_EN = 1;
 152   1         SC_Speech(2);  
 153   1         Delay(90);
 154   1         voice_EN = 0;
 155   1         Delay(30);
 156   1         }
 157          
 158          /*-----------------------------------------------------
 159             host_2ndtouch_speech()
 160             第二次触碰主机，再报一个提示语音
 161          -------------------------------------------------------*/
 162          void host_2ndtouch_speech(void)
 163             {
 164   1         voice_EN = 1;
 165   1         SC_Speech(19);  
 166   1         Delay(140);
 167   1         voice_EN = 0;
 168   1      // Delay(10);
 169   1         }
 170             
 171          /*----------------------------------------------------
 172             stolen_alarm_speech()
 173             判断为被盗的时候，发出报警语音第一段
 174          ----------------------------------------------------*/
 175          void stolen_alarm_speech1(void)
 176             {
 177   1         voice_EN = 1;
 178   1         SC_Speech(16); 
C51 COMPILER V9.54   VOICE                                                                 09/11/2015 11:40:14 PAGE 4   

 179   1         Delay(60);
 180   1         voice_EN = 0; 
 181   1         }
 182          
 183          /*----------------------------------------------------
 184             stolen_alarm_speech()
 185             判断为被盗的时候，发出报警语音第二段
 186          ----------------------------------------------------*/
 187           void stolen_alarm_speech2(void)
 188             {
 189   1         voice_EN = 1;
 190   1         SC_Speech(3); 
 191   1         Delay(180);
 192   1         voice_EN = 0;
 193   1         Delay(20);
 194   1         }
 195          
 196          /*----------------------------------------------------
 197             open_lock_speech()
 198             附机在主机附近，通过认证后，语音提示
 199          -----------------------------------------------------*/
 200          void open_lock_speech(void)
 201             {
 202   1         #ifdef Tailing
                 voice_EN = 1;
                 SC_Speech(22);  
                 Delay(30);
                 SC_Speech(14);  
                 Delay(40);
                 voice_EN = 0;
                 #endif
 210   1      
 211   1         // 车锁已打开
 212   1         voice_EN=1;
 213   1         SC_Speech(17); 
 214   1         Delay(60);
 215   1         voice_EN=0;
 216   1         }
 217          
 218          /*----------------------------------------------------
 219             close_lock_speech()
 220             判断附机离开，语音提示
 221          -----------------------------------------------------*/
 222          void close_lock_speech(void)
 223             {
 224   1         voice_EN = 1;
 225   1         SC_Speech(18);  
 226   1         Delay(60);
 227   1         voice_EN = 0;
 228   1         }
 229          
 230          /*----------------------------------------------------
 231             battery_stolen_speech()
 232             主机检测到电平不在时，语音提示电平被盗
 233          -----------------------------------------------------*/
 234          void battery_stolen_speech(void)
 235             {
 236   1         voice_EN = 1;
 237   1         SC_Speech(15);  
 238   1         Delay(100);
 239   1         voice_EN = 0;
 240   1         }
C51 COMPILER V9.54   VOICE                                                                 09/11/2015 11:40:14 PAGE 5   

 241          
 242          /*----------------------------------------------------
 243             Cutting_Wire_Voice()
 244             有人剪断锁线的时候，播报的语音
 245          -----------------------------------------------------*/
 246          void Cutting_Wire_Voice(void)
 247             {
 248   1         voice_EN = 1;
 249   1         SC_Speech(20);  
 250   1         Delay(120);
 251   1         voice_EN = 0;
 252   1         }
 253          
 254          /*----------------------------------------------------
 255             Product_Test_Voice()
 256             测试程序中的语音提示
 257          -----------------------------------------------------*/
 258          void Product_Test_Voice(void)
 259             {
 260   1         voice_EN = 1;
 261   1         SC_Speech(21);  
 262   1         Delay(150);
 263   1         voice_EN = 0;
 264   1         }
 265          
 266          /*---------------------------------------------------------------
 267             Battery_low_alarm_speech()
 268             用于附机，当电池电量低于一定值，语音提示
 269          ----------------------------------------------------------------*/
 270          void Battery_low_alarm_speech(void)
 271             {
 272   1         voice_EN = 1;
 273   1         SC_Speech(9);
 274   1         Delay(80);
 275   1         voice_EN = 0;
 276   1         }
 277          
 278          /*---------------------------------------------------------------
 279             Battery_high_alarm_speech()
 280             用于附机，电量高于一定值的时候，语音提示
 281          ----------------------------------------------------------------*/
 282          void Battery_high_alarm_speech(void)
 283             {
 284   1         voice_EN = 1;
 285   1         SC_Speech(7);
 286   1         Delay(50);
 287   1         voice_EN = 0;
 288   1         }
 289          
 290          /*-------------------------------------------------------------
 291             Alarm_stolen_speech()
 292             用于附机，主机被盗报警
 293          ---------------------------------------------------------------*/
 294          void Alarm_stolen_speech(void)
 295             {
 296   1         voice_EN = 1;
 297   1         SC_Speech(4);
 298   1         Delay(180);
 299   1         voice_EN = 0;
 300   1         }
 301             
 302          /*--------------------------------------------------------------
C51 COMPILER V9.54   VOICE                                                                 09/11/2015 11:40:14 PAGE 6   

 303             Alarm_raised_speech()
 304             用于附机，主机被抬起报警
 305          ---------------------------------------------------------------*/
 306          void Alarm_raised_speech(void)
 307             {
 308   1         voice_EN = 1;
 309   1         SC_Speech(3);
 310   1         Delay(140);
 311   1         voice_EN = 0;
 312   1         }
 313             
 314          /*--------------------------------------------------------------
 315             Alarm_fell_speech()
 316             用于附机，主机倒地报警
 317          ----------------------------------------------------------------*/
 318          void Alarm_fell_speech(void)
 319             {
 320   1         voice_EN = 1;
 321   1         SC_Speech(2);
 322   1         Delay(120);
 323   1         voice_EN = 0;
 324   1         }
 325             
 326          /*---------------------------------------------------------------
 327             Host_battery_high_alarm_speech()
 328             用于附机，主机电量充满提示
 329          ---------------------------------------------------------------*/
 330          void Host_battery_high_alarm_speech(void)
 331             {
 332   1         voice_EN = 1;
 333   1         SC_Speech(11);  
 334   1         Delay(80);
 335   1         voice_EN = 0;
 336   1         }
 337          
 338          /*---------------------------------------------------------------
 339             battery_stolen_speech_F3()
 340             用于附机，主机电池被盗报警
 341          ---------------------------------------------------------------*/
 342          void battery_stolen_speech_F3(void)
 343             {
 344   1         voice_EN = 1;
 345   1         SC_Speech(7);  
 346   1         Delay(50);
 347   1         voice_EN = 0;
 348   1         }
 349             
 350          /*---------------------------------------------------------------
 351             wire_broken_speech(void)
 352             用于附机，主机锁线被剪断报警
 353          ----------------------------------------------------------------*/
 354          void wire_broken_speech(void)
 355             {
 356   1         voice_EN = 1;
 357   1         SC_Speech(8);  
 358   1         Delay(80);
 359   1         voice_EN = 0;  
 360   1         }
 361          
 362          /*---------------------------------------------------------------
 363             lock_rotated_on_speech(void)
 364             用于附机，主机锁线被剪断报警
C51 COMPILER V9.54   VOICE                                                                 09/11/2015 11:40:14 PAGE 7   

 365          ----------------------------------------------------------------*/
 366          void lock_rotated_on_speech(void)
 367             {
 368   1         voice_EN = 1;
 369   1         SC_Speech(12);  
 370   1         Delay(80);
 371   1         voice_EN = 0;  
 372   1         }
 373          /*---------------------------------------------------------------
 374             lock_rotated_off_speech(void)
 375             用于附机，主机锁线被剪断报警
 376          ----------------------------------------------------------------*/
 377          void lock_rotated_off_speech(void)
 378             {
 379   1         voice_EN = 1;
 380   1         SC_Speech(13);  
 381   1         Delay(80);
 382   1         voice_EN = 0;  
 383   1         }
 384          
 385          /*-------------------------------------------------------------
 386             IDcerted_speech()
 387          -------------------------------------------------------------*/
 388          void IDcerted_speech(void)
 389             {
 390   1         #ifdef ID
                 ID_speech();
                 #endif
 393   1         
 394   1         #ifdef WX
 395   1         if((Open_action_flag == 0)&&(slave_nearby_actioned_flag == 0)&&(ID_speeched_flag == 0))
 396   1            {     
 397   2            ID_speech();
 398   2            
 399   2            ID_speeched_flag = 1;
 400   2            }
 401   1         #endif
 402   1         }
 403          /*-------------------------------------------------------------
 404             Accumulator_voice_promot()
 405          -------------------------------------------------------------*/   
 406          void Accumulator_voice_promot(void)
 407             {
 408   1         if(++Check_Motobattery_count > 3)
 409   1            {
 410   2            Check_Motobattery_count = 5;
 411   2            if((Check_Motobattery_flag == 1)&&(EN_host_stolen_alarming == 0)&&(fell_flag == 0)&&(raised_flag == 0)&&
             -(battery_stolen_EN == 0))
 412   2               {
 413   3               load_battery_result = ADC_check_result;
 414   3               verifybattery(load_battery_result);
 415   3               Check_Motobattery_flag = 0;
 416   3               }
 417   2            }
 418   1         }
 419          
 420          /*--------------------------------------------------------
 421             Enter_noguard_voice()
 422          --------------------------------------------------------*/
 423          void Enter_noguard_voice()
 424             {
 425   1         if(never_alarm_speech == 1)
C51 COMPILER V9.54   VOICE                                                                 09/11/2015 11:40:14 PAGE 8   

 426   1            {
 427   2            never_alarm_speech = 0;
 428   2            Self_learn_speech();             
 429   2            }  
 430   1         }
 431             
 432          /*---------------------------------------------------
 433             end of file
 434          ----------------------------------------------------*/


MODULE INFORMATION:   STATIC OVERLAYABLE
   CODE SIZE        =    513    ----
   CONSTANT SIZE    =   ----    ----
   XDATA SIZE       =   ----    ----
   PDATA SIZE       =      1       2
   DATA SIZE        =   ----    ----
   IDATA SIZE       =   ----    ----
   BIT SIZE         =   ----    ----
END OF MODULE INFORMATION.


C51 COMPILATION COMPLETE.  0 WARNING(S),  0 ERROR(S)
