C51 COMPILER V9.54   UART                                                                  09/06/2016 14:33:04 PAGE 1   


C51 COMPILER V9.54, COMPILATION OF MODULE UART
OBJECT MODULE PLACED IN .\UART.obj
COMPILER INVOKED BY: D:\Program Files (x86)\Keil_v5\C51\BIN\C51.EXE ..\Library\UART.c COMPACT ROM(COMPACT) OPTIMIZE(8,SP
                    -EED) BROWSE INCDIR(..\Library) DEBUG OBJECTEXTEND PRINT(.\UART.lst) TABS(3) OBJECT(.\UART.obj)

line level    source

   1          /*-----------------------------------------------------------------*
   2          
   3             Copyright(c) 2014 Techeart Technology Corp. All rights reserved.
   4              Date: 11/Nov/2014
   5              E-Mail: DruculaC@gmail.com
   6          
   7          *-----------------------------------------------------------------*/
   8          
   9          #include "main.h"
  10          #include "port.h"
  11          
  12          #include "uart.h"
  13          #include "Timer.h"
  14          
  15          /*--------------------------------------------------------------
  16             InitUART(tWord Baudrate)
  17             Initialize UART port.
  18          --------------------------------------------------------------*/
  19          void InitUART(tWord Baudrate)
  20             {
  21   1         AUXR1 &= 0xbf;       // Choose P1.0 P1.1 as UART port. 
  22   1         SCON = 0x5a;         // Choose Mode 2.
  23   1         TMOD = 0x20;         // Timer 1 is Mode 2, auto-reload.
  24   1         TH1 = TL1 = -(OSC_FREQ/12/32/Baudrate);
  25   1      
  26   1         InitT0(1);
  27   1         TI = 0;
  28   1         RI = 0;
  29   1         ES = 1;
  30   1         TR1 = 1;             // Start Timer 1.
  31   1         TR0 = 1;
  32   1         ET0 = 1;
  33   1         PS = 1;
  34   1         EA = 1;
  35   1         }
  36          /*-----------------------------------------------------------
  37             Send a Byte.
  38          -----------------------------------------------------------*/
  39          
  40          void SendData(tByte dat)
  41             {
  42   1         SBUF = dat;
  43   1         while(!TI);
  44   1         TI = 0;  
  45   1         }
  46          
  47          /*-----------------------------------------------------------
  48             Send multiple bytes. 
  49          -----------------------------------------------------------*/
  50          void SendNByte(tByte *buf, tByte len)
  51             {
  52   1         while(len--)
  53   1            {
  54   2            SendData(*buf++);
C51 COMPILER V9.54   UART                                                                  09/06/2016 14:33:04 PAGE 2   

  55   2            }
  56   1         }
  57          
  58          /*---------------------------------------------------
  59             end of file
  60          ----------------------------------------------------*/


MODULE INFORMATION:   STATIC OVERLAYABLE
   CODE SIZE        =    105    ----
   CONSTANT SIZE    =   ----    ----
   XDATA SIZE       =   ----    ----
   PDATA SIZE       =   ----       3
   DATA SIZE        =   ----    ----
   IDATA SIZE       =   ----    ----
   BIT SIZE         =   ----    ----
END OF MODULE INFORMATION.


C51 COMPILATION COMPLETE.  0 WARNING(S),  0 ERROR(S)
